\BOOKMARK [1][-]{section.1}{Descripci\363n del problema}{}% 1
\BOOKMARK [2][-]{subsection.1.1}{Contexto}{section.1}% 2
\BOOKMARK [2][-]{subsection.1.2}{Importancia de resolverlo}{section.1}% 3
\BOOKMARK [2][-]{subsection.1.3}{Objetivos que persigue}{section.1}% 4
\BOOKMARK [2][-]{subsection.1.4}{Decisiones}{section.1}% 5
\BOOKMARK [2][-]{subsection.1.5}{Datos requeridos}{section.1}% 6
\BOOKMARK [2][-]{subsection.1.6}{Restricciones existentes}{section.1}% 7
\BOOKMARK [1][-]{section.2}{Elecci\363n del problema}{}% 8
\BOOKMARK [2][-]{subsection.2.1}{Impacto}{section.2}% 9
\BOOKMARK [1][-]{section.3}{Modelaci\363n del Problema}{}% 10
\BOOKMARK [2][-]{subsection.3.1}{Supuestos}{section.3}% 11
\BOOKMARK [2][-]{subsection.3.2}{Conjuntos}{section.3}% 12
\BOOKMARK [2][-]{subsection.3.3}{Par\341metros}{section.3}% 13
\BOOKMARK [2][-]{subsection.3.4}{Variables}{section.3}% 14
\BOOKMARK [2][-]{subsection.3.5}{Restricciones}{section.3}% 15
\BOOKMARK [2][-]{subsection.3.6}{Funci\363n objetivo}{section.3}% 16
\BOOKMARK [2][-]{subsection.3.7}{Naturaleza de las variables}{section.3}% 17
\BOOKMARK [2][-]{subsection.3.8}{Observaciones}{section.3}% 18
\BOOKMARK [3][-]{subsubsection.3.8.1}{Observaci\363n 1}{subsection.3.8}% 19
\BOOKMARK [3][-]{subsubsection.3.8.2}{Observaci\363n 2}{subsection.3.8}% 20
\BOOKMARK [1][-]{section.4}{Definici\363n de Datos}{}% 21
\BOOKMARK [2][-]{subsection.4.1}{Justificaci\363n de supuestos}{section.4}% 22
\BOOKMARK [2][-]{subsection.4.2}{Instancia de datos}{section.4}% 23
\BOOKMARK [1][-]{section.5}{Resultados}{}% 24
\BOOKMARK [2][-]{subsection.5.1}{Soluci\363n y valor \363ptimo}{section.5}% 25
\BOOKMARK [2][-]{subsection.5.2}{An\341lisis}{section.5}% 26
\BOOKMARK [1][-]{section.6}{An\341lisis de sensibilidad}{}% 27
\BOOKMARK [1][-]{section.7}{Conclusiones}{}% 28
\BOOKMARK [1][-]{section.8}{Bibliograf\355a}{}% 29
